15:36:48 **** Incremental Build of configuration Release for project blink ****
make all 
'Building file: ../blink.cpp'
'Starting C++ compile'
"C:/Program Files/Arduino/hardware/tools/avr/bin/avr-g++" -c -g -Os -w -fno-exceptions -ffunction-sections -fdata-sections -fno-threadsafe-statics -MMD -mmcu=atmega328p -DF_CPU=16000000L -DARDUINO=165-r5 -DARDUINO_AVR_PRO -DARDUINO_ARCH_AVR     -I"C:\Program Files\Arduino\hardware\arduino\avr\cores\arduino" -I"C:\Program Files\Arduino\hardware\arduino\avr\variants\eightanaloginputs" -MMD -MP -MF"blink.cpp.d" -MT"blink.cpp.o" -D__IN_ECLIPSE__=1 -x c++ "../blink.cpp"  -o  "blink.cpp.o"
'Finished building: ../blink.cpp'
' '
'Building file: C:/Program Files/Arduino/hardware/arduino/avr/cores/arduino/CDC.cpp'
'Starting C++ compile'
"C:/Program Files/Arduino/hardware/tools/avr/bin/avr-g++" -c -g -Os -w -fno-exceptions -ffunction-sections -fdata-sections -fno-threadsafe-statics -MMD -mmcu=atmega328p -DF_CPU=16000000L -DARDUINO=165-r5 -DARDUINO_AVR_PRO -DARDUINO_ARCH_AVR     -I"C:\Program Files\Arduino\hardware\arduino\avr\cores\arduino" -I"C:\Program Files\Arduino\hardware\arduino\avr\variants\eightanaloginputs" -MMD -MP -MF"arduino/CDC.cpp.d" -MT"arduino/CDC.cpp.o" -D__IN_ECLIPSE__=1 -x c++ "C:/Program Files/Arduino/hardware/arduino/avr/cores/arduino/CDC.cpp"  -o  "arduino/CDC.cpp.o"
'Finished building: C:/Program Files/Arduino/hardware/arduino/avr/cores/arduino/CDC.cpp'
' '
'Building file: C:/Program Files/Arduino/hardware/arduino/avr/cores/arduino/HID.cpp'
'Starting C++ compile'
"C:/Program Files/Arduino/hardware/tools/avr/bin/avr-g++" -c -g -Os -w -fno-exceptions -ffunction-sections -fdata-sections -fno-threadsafe-statics -MMD -mmcu=atmega328p -DF_CPU=16000000L -DARDUINO=165-r5 -DARDUINO_AVR_PRO -DARDUINO_ARCH_AVR     -I"C:\Program Files\Arduino\hardware\arduino\avr\cores\arduino" -I"C:\Program Files\Arduino\hardware\arduino\avr\variants\eightanaloginputs" -MMD -MP -MF"arduino/HID.cpp.d" -MT"arduino/HID.cpp.o" -D__IN_ECLIPSE__=1 -x c++ "C:/Program Files/Arduino/hardware/arduino/avr/cores/arduino/HID.cpp"  -o  "arduino/HID.cpp.o"
'Finished building: C:/Program Files/Arduino/hardware/arduino/avr/cores/arduino/HID.cpp'
' '
'Building file: C:/Program Files/Arduino/hardware/arduino/avr/cores/arduino/HardwareSerial.cpp'
'Starting C++ compile'
"C:/Program Files/Arduino/hardware/tools/avr/bin/avr-g++" -c -g -Os -w -fno-exceptions -ffunction-sections -fdata-sections -fno-threadsafe-statics -MMD -mmcu=atmega328p -DF_CPU=16000000L -DARDUINO=165-r5 -DARDUINO_AVR_PRO -DARDUINO_ARCH_AVR     -I"C:\Program Files\Arduino\hardware\arduino\avr\cores\arduino" -I"C:\Program Files\Arduino\hardware\arduino\avr\variants\eightanaloginputs" -MMD -MP -MF"arduino/HardwareSerial.cpp.d" -MT"arduino/HardwareSerial.cpp.o" -D__IN_ECLIPSE__=1 -x c++ "C:/Program Files/Arduino/hardware/arduino/avr/cores/arduino/HardwareSerial.cpp"  -o  "arduino/HardwareSerial.cpp.o"
'Finished building: C:/Program Files/Arduino/hardware/arduino/avr/cores/arduino/HardwareSerial.cpp'
' '
'Building file: C:/Program Files/Arduino/hardware/arduino/avr/cores/arduino/HardwareSerial0.cpp'
'Starting C++ compile'
"C:/Program Files/Arduino/hardware/tools/avr/bin/avr-g++" -c -g -Os -w -fno-exceptions -ffunction-sections -fdata-sections -fno-threadsafe-statics -MMD -mmcu=atmega328p -DF_CPU=16000000L -DARDUINO=165-r5 -DARDUINO_AVR_PRO -DARDUINO_ARCH_AVR     -I"C:\Program Files\Arduino\hardware\arduino\avr\cores\arduino" -I"C:\Program Files\Arduino\hardware\arduino\avr\variants\eightanaloginputs" -MMD -MP -MF"arduino/HardwareSerial0.cpp.d" -MT"arduino/HardwareSerial0.cpp.o" -D__IN_ECLIPSE__=1 -x c++ "C:/Program Files/Arduino/hardware/arduino/avr/cores/arduino/HardwareSerial0.cpp"  -o  "arduino/HardwareSerial0.cpp.o"
'Finished building: C:/Program Files/Arduino/hardware/arduino/avr/cores/arduino/HardwareSerial0.cpp'
' '
'Building file: C:/Program Files/Arduino/hardware/arduino/avr/cores/arduino/HardwareSerial1.cpp'
'Starting C++ compile'
"C:/Program Files/Arduino/hardware/tools/avr/bin/avr-g++" -c -g -Os -w -fno-exceptions -ffunction-sections -fdata-sections -fno-threadsafe-statics -MMD -mmcu=atmega328p -DF_CPU=16000000L -DARDUINO=165-r5 -DARDUINO_AVR_PRO -DARDUINO_ARCH_AVR     -I"C:\Program Files\Arduino\hardware\arduino\avr\cores\arduino" -I"C:\Program Files\Arduino\hardware\arduino\avr\variants\eightanaloginputs" -MMD -MP -MF"arduino/HardwareSerial1.cpp.d" -MT"arduino/HardwareSerial1.cpp.o" -D__IN_ECLIPSE__=1 -x c++ "C:/Program Files/Arduino/hardware/arduino/avr/cores/arduino/HardwareSerial1.cpp"  -o  "arduino/HardwareSerial1.cpp.o"
'Finished building: C:/Program Files/Arduino/hardware/arduino/avr/cores/arduino/HardwareSerial1.cpp'
' '
'Building file: C:/Program Files/Arduino/hardware/arduino/avr/cores/arduino/HardwareSerial2.cpp'
'Starting C++ compile'
"C:/Program Files/Arduino/hardware/tools/avr/bin/avr-g++" -c -g -Os -w -fno-exceptions -ffunction-sections -fdata-sections -fno-threadsafe-statics -MMD -mmcu=atmega328p -DF_CPU=16000000L -DARDUINO=165-r5 -DARDUINO_AVR_PRO -DARDUINO_ARCH_AVR     -I"C:\Program Files\Arduino\hardware\arduino\avr\cores\arduino" -I"C:\Program Files\Arduino\hardware\arduino\avr\variants\eightanaloginputs" -MMD -MP -MF"arduino/HardwareSerial2.cpp.d" -MT"arduino/HardwareSerial2.cpp.o" -D__IN_ECLIPSE__=1 -x c++ "C:/Program Files/Arduino/hardware/arduino/avr/cores/arduino/HardwareSerial2.cpp"  -o  "arduino/HardwareSerial2.cpp.o"
'Finished building: C:/Program Files/Arduino/hardware/arduino/avr/cores/arduino/HardwareSerial2.cpp'
' '
'Building file: C:/Program Files/Arduino/hardware/arduino/avr/cores/arduino/HardwareSerial3.cpp'
'Starting C++ compile'
"C:/Program Files/Arduino/hardware/tools/avr/bin/avr-g++" -c -g -Os -w -fno-exceptions -ffunction-sections -fdata-sections -fno-threadsafe-statics -MMD -mmcu=atmega328p -DF_CPU=16000000L -DARDUINO=165-r5 -DARDUINO_AVR_PRO -DARDUINO_ARCH_AVR     -I"C:\Program Files\Arduino\hardware\arduino\avr\cores\arduino" -I"C:\Program Files\Arduino\hardware\arduino\avr\variants\eightanaloginputs" -MMD -MP -MF"arduino/HardwareSerial3.cpp.d" -MT"arduino/HardwareSerial3.cpp.o" -D__IN_ECLIPSE__=1 -x c++ "C:/Program Files/Arduino/hardware/arduino/avr/cores/arduino/HardwareSerial3.cpp"  -o  "arduino/HardwareSerial3.cpp.o"
'Finished building: C:/Program Files/Arduino/hardware/arduino/avr/cores/arduino/HardwareSerial3.cpp'
' '
'Building file: C:/Program Files/Arduino/hardware/arduino/avr/cores/arduino/IPAddress.cpp'
'Starting C++ compile'
"C:/Program Files/Arduino/hardware/tools/avr/bin/avr-g++" -c -g -Os -w -fno-exceptions -ffunction-sections -fdata-sections -fno-threadsafe-statics -MMD -mmcu=atmega328p -DF_CPU=16000000L -DARDUINO=165-r5 -DARDUINO_AVR_PRO -DARDUINO_ARCH_AVR     -I"C:\Program Files\Arduino\hardware\arduino\avr\cores\arduino" -I"C:\Program Files\Arduino\hardware\arduino\avr\variants\eightanaloginputs" -MMD -MP -MF"arduino/IPAddress.cpp.d" -MT"arduino/IPAddress.cpp.o" -D__IN_ECLIPSE__=1 -x c++ "C:/Program Files/Arduino/hardware/arduino/avr/cores/arduino/IPAddress.cpp"  -o  "arduino/IPAddress.cpp.o"
'Finished building: C:/Program Files/Arduino/hardware/arduino/avr/cores/arduino/IPAddress.cpp'
' '
'Building file: C:/Program Files/Arduino/hardware/arduino/avr/cores/arduino/Print.cpp'
'Starting C++ compile'
"C:/Program Files/Arduino/hardware/tools/avr/bin/avr-g++" -c -g -Os -w -fno-exceptions -ffunction-sections -fdata-sections -fno-threadsafe-statics -MMD -mmcu=atmega328p -DF_CPU=16000000L -DARDUINO=165-r5 -DARDUINO_AVR_PRO -DARDUINO_ARCH_AVR     -I"C:\Program Files\Arduino\hardware\arduino\avr\cores\arduino" -I"C:\Program Files\Arduino\hardware\arduino\avr\variants\eightanaloginputs" -MMD -MP -MF"arduino/Print.cpp.d" -MT"arduino/Print.cpp.o" -D__IN_ECLIPSE__=1 -x c++ "C:/Program Files/Arduino/hardware/arduino/avr/cores/arduino/Print.cpp"  -o  "arduino/Print.cpp.o"
'Finished building: C:/Program Files/Arduino/hardware/arduino/avr/cores/arduino/Print.cpp'
' '
'Building file: C:/Program Files/Arduino/hardware/arduino/avr/cores/arduino/Stream.cpp'
'Starting C++ compile'
"C:/Program Files/Arduino/hardware/tools/avr/bin/avr-g++" -c -g -Os -w -fno-exceptions -ffunction-sections -fdata-sections -fno-threadsafe-statics -MMD -mmcu=atmega328p -DF_CPU=16000000L -DARDUINO=165-r5 -DARDUINO_AVR_PRO -DARDUINO_ARCH_AVR     -I"C:\Program Files\Arduino\hardware\arduino\avr\cores\arduino" -I"C:\Program Files\Arduino\hardware\arduino\avr\variants\eightanaloginputs" -MMD -MP -MF"arduino/Stream.cpp.d" -MT"arduino/Stream.cpp.o" -D__IN_ECLIPSE__=1 -x c++ "C:/Program Files/Arduino/hardware/arduino/avr/cores/arduino/Stream.cpp"  -o  "arduino/Stream.cpp.o"
'Finished building: C:/Program Files/Arduino/hardware/arduino/avr/cores/arduino/Stream.cpp'
' '
'Building file: C:/Program Files/Arduino/hardware/arduino/avr/cores/arduino/Tone.cpp'
'Starting C++ compile'
"C:/Program Files/Arduino/hardware/tools/avr/bin/avr-g++" -c -g -Os -w -fno-exceptions -ffunction-sections -fdata-sections -fno-threadsafe-statics -MMD -mmcu=atmega328p -DF_CPU=16000000L -DARDUINO=165-r5 -DARDUINO_AVR_PRO -DARDUINO_ARCH_AVR     -I"C:\Program Files\Arduino\hardware\arduino\avr\cores\arduino" -I"C:\Program Files\Arduino\hardware\arduino\avr\variants\eightanaloginputs" -MMD -MP -MF"arduino/Tone.cpp.d" -MT"arduino/Tone.cpp.o" -D__IN_ECLIPSE__=1 -x c++ "C:/Program Files/Arduino/hardware/arduino/avr/cores/arduino/Tone.cpp"  -o  "arduino/Tone.cpp.o"
'Finished building: C:/Program Files/Arduino/hardware/arduino/avr/cores/arduino/Tone.cpp'
' '
'Building file: C:/Program Files/Arduino/hardware/arduino/avr/cores/arduino/USBCore.cpp'
'Starting C++ compile'
"C:/Program Files/Arduino/hardware/tools/avr/bin/avr-g++" -c -g -Os -w -fno-exceptions -ffunction-sections -fdata-sections -fno-threadsafe-statics -MMD -mmcu=atmega328p -DF_CPU=16000000L -DARDUINO=165-r5 -DARDUINO_AVR_PRO -DARDUINO_ARCH_AVR     -I"C:\Program Files\Arduino\hardware\arduino\avr\cores\arduino" -I"C:\Program Files\Arduino\hardware\arduino\avr\variants\eightanaloginputs" -MMD -MP -MF"arduino/USBCore.cpp.d" -MT"arduino/USBCore.cpp.o" -D__IN_ECLIPSE__=1 -x c++ "C:/Program Files/Arduino/hardware/arduino/avr/cores/arduino/USBCore.cpp"  -o  "arduino/USBCore.cpp.o"
'Finished building: C:/Program Files/Arduino/hardware/arduino/avr/cores/arduino/USBCore.cpp'
' '
'Building file: C:/Program Files/Arduino/hardware/arduino/avr/cores/arduino/WInterrupts.c'
'Starting C compile'
"C:/Program Files/Arduino/hardware/tools/avr/bin/avr-gcc" -c -g -Os -w -ffunction-sections -fdata-sections -MMD -mmcu=atmega328p -DF_CPU=16000000L -DARDUINO=165-r5 -DARDUINO_AVR_PRO -DARDUINO_ARCH_AVR     -I"C:\Program Files\Arduino\hardware\arduino\avr\cores\arduino" -I"C:\Program Files\Arduino\hardware\arduino\avr\variants\eightanaloginputs" -MMD -MP -MF"arduino/WInterrupts.c.d" -MT"arduino/WInterrupts.c.o" -D__IN_ECLIPSE__=1 "C:/Program Files/Arduino/hardware/arduino/avr/cores/arduino/WInterrupts.c"  -o  "arduino/WInterrupts.c.o"
'Finished building: C:/Program Files/Arduino/hardware/arduino/avr/cores/arduino/WInterrupts.c'
' '
'Building file: C:/Program Files/Arduino/hardware/arduino/avr/cores/arduino/WMath.cpp'
'Starting C++ compile'
"C:/Program Files/Arduino/hardware/tools/avr/bin/avr-g++" -c -g -Os -w -fno-exceptions -ffunction-sections -fdata-sections -fno-threadsafe-statics -MMD -mmcu=atmega328p -DF_CPU=16000000L -DARDUINO=165-r5 -DARDUINO_AVR_PRO -DARDUINO_ARCH_AVR     -I"C:\Program Files\Arduino\hardware\arduino\avr\cores\arduino" -I"C:\Program Files\Arduino\hardware\arduino\avr\variants\eightanaloginputs" -MMD -MP -MF"arduino/WMath.cpp.d" -MT"arduino/WMath.cpp.o" -D__IN_ECLIPSE__=1 -x c++ "C:/Program Files/Arduino/hardware/arduino/avr/cores/arduino/WMath.cpp"  -o  "arduino/WMath.cpp.o"
'Finished building: C:/Program Files/Arduino/hardware/arduino/avr/cores/arduino/WMath.cpp'
' '
'Building file: C:/Program Files/Arduino/hardware/arduino/avr/cores/arduino/WString.cpp'
'Starting C++ compile'
"C:/Program Files/Arduino/hardware/tools/avr/bin/avr-g++" -c -g -Os -w -fno-exceptions -ffunction-sections -fdata-sections -fno-threadsafe-statics -MMD -mmcu=atmega328p -DF_CPU=16000000L -DARDUINO=165-r5 -DARDUINO_AVR_PRO -DARDUINO_ARCH_AVR     -I"C:\Program Files\Arduino\hardware\arduino\avr\cores\arduino" -I"C:\Program Files\Arduino\hardware\arduino\avr\variants\eightanaloginputs" -MMD -MP -MF"arduino/WString.cpp.d" -MT"arduino/WString.cpp.o" -D__IN_ECLIPSE__=1 -x c++ "C:/Program Files/Arduino/hardware/arduino/avr/cores/arduino/WString.cpp"  -o  "arduino/WString.cpp.o"
'Finished building: C:/Program Files/Arduino/hardware/arduino/avr/cores/arduino/WString.cpp'
' '
'Building file: C:/Program Files/Arduino/hardware/arduino/avr/cores/arduino/abi.cpp'
'Starting C++ compile'
"C:/Program Files/Arduino/hardware/tools/avr/bin/avr-g++" -c -g -Os -w -fno-exceptions -ffunction-sections -fdata-sections -fno-threadsafe-statics -MMD -mmcu=atmega328p -DF_CPU=16000000L -DARDUINO=165-r5 -DARDUINO_AVR_PRO -DARDUINO_ARCH_AVR     -I"C:\Program Files\Arduino\hardware\arduino\avr\cores\arduino" -I"C:\Program Files\Arduino\hardware\arduino\avr\variants\eightanaloginputs" -MMD -MP -MF"arduino/abi.cpp.d" -MT"arduino/abi.cpp.o" -D__IN_ECLIPSE__=1 -x c++ "C:/Program Files/Arduino/hardware/arduino/avr/cores/arduino/abi.cpp"  -o  "arduino/abi.cpp.o"
'Finished building: C:/Program Files/Arduino/hardware/arduino/avr/cores/arduino/abi.cpp'
' '
'Building file: C:/Program Files/Arduino/hardware/arduino/avr/cores/arduino/hooks.c'
'Starting C compile'
"C:/Program Files/Arduino/hardware/tools/avr/bin/avr-gcc" -c -g -Os -w -ffunction-sections -fdata-sections -MMD -mmcu=atmega328p -DF_CPU=16000000L -DARDUINO=165-r5 -DARDUINO_AVR_PRO -DARDUINO_ARCH_AVR     -I"C:\Program Files\Arduino\hardware\arduino\avr\cores\arduino" -I"C:\Program Files\Arduino\hardware\arduino\avr\variants\eightanaloginputs" -MMD -MP -MF"arduino/hooks.c.d" -MT"arduino/hooks.c.o" -D__IN_ECLIPSE__=1 "C:/Program Files/Arduino/hardware/arduino/avr/cores/arduino/hooks.c"  -o  "arduino/hooks.c.o"
'Finished building: C:/Program Files/Arduino/hardware/arduino/avr/cores/arduino/hooks.c'
' '
'Building file: C:/Program Files/Arduino/hardware/arduino/avr/cores/arduino/main.cpp'
'Starting C++ compile'
"C:/Program Files/Arduino/hardware/tools/avr/bin/avr-g++" -c -g -Os -w -fno-exceptions -ffunction-sections -fdata-sections -fno-threadsafe-statics -MMD -mmcu=atmega328p -DF_CPU=16000000L -DARDUINO=165-r5 -DARDUINO_AVR_PRO -DARDUINO_ARCH_AVR     -I"C:\Program Files\Arduino\hardware\arduino\avr\cores\arduino" -I"C:\Program Files\Arduino\hardware\arduino\avr\variants\eightanaloginputs" -MMD -MP -MF"arduino/main.cpp.d" -MT"arduino/main.cpp.o" -D__IN_ECLIPSE__=1 -x c++ "C:/Program Files/Arduino/hardware/arduino/avr/cores/arduino/main.cpp"  -o  "arduino/main.cpp.o"
'Finished building: C:/Program Files/Arduino/hardware/arduino/avr/cores/arduino/main.cpp'
' '
'Building file: C:/Program Files/Arduino/hardware/arduino/avr/cores/arduino/new.cpp'
'Starting C++ compile'
"C:/Program Files/Arduino/hardware/tools/avr/bin/avr-g++" -c -g -Os -w -fno-exceptions -ffunction-sections -fdata-sections -fno-threadsafe-statics -MMD -mmcu=atmega328p -DF_CPU=16000000L -DARDUINO=165-r5 -DARDUINO_AVR_PRO -DARDUINO_ARCH_AVR     -I"C:\Program Files\Arduino\hardware\arduino\avr\cores\arduino" -I"C:\Program Files\Arduino\hardware\arduino\avr\variants\eightanaloginputs" -MMD -MP -MF"arduino/new.cpp.d" -MT"arduino/new.cpp.o" -D__IN_ECLIPSE__=1 -x c++ "C:/Program Files/Arduino/hardware/arduino/avr/cores/arduino/new.cpp"  -o  "arduino/new.cpp.o"
'Finished building: C:/Program Files/Arduino/hardware/arduino/avr/cores/arduino/new.cpp'
' '
'Building file: C:/Program Files/Arduino/hardware/arduino/avr/cores/arduino/wiring.c'
'Starting C compile'
"C:/Program Files/Arduino/hardware/tools/avr/bin/avr-gcc" -c -g -Os -w -ffunction-sections -fdata-sections -MMD -mmcu=atmega328p -DF_CPU=16000000L -DARDUINO=165-r5 -DARDUINO_AVR_PRO -DARDUINO_ARCH_AVR     -I"C:\Program Files\Arduino\hardware\arduino\avr\cores\arduino" -I"C:\Program Files\Arduino\hardware\arduino\avr\variants\eightanaloginputs" -MMD -MP -MF"arduino/wiring.c.d" -MT"arduino/wiring.c.o" -D__IN_ECLIPSE__=1 "C:/Program Files/Arduino/hardware/arduino/avr/cores/arduino/wiring.c"  -o  "arduino/wiring.c.o"
'Finished building: C:/Program Files/Arduino/hardware/arduino/avr/cores/arduino/wiring.c'
' '
'Building file: C:/Program Files/Arduino/hardware/arduino/avr/cores/arduino/wiring_analog.c'
'Starting C compile'
"C:/Program Files/Arduino/hardware/tools/avr/bin/avr-gcc" -c -g -Os -w -ffunction-sections -fdata-sections -MMD -mmcu=atmega328p -DF_CPU=16000000L -DARDUINO=165-r5 -DARDUINO_AVR_PRO -DARDUINO_ARCH_AVR     -I"C:\Program Files\Arduino\hardware\arduino\avr\cores\arduino" -I"C:\Program Files\Arduino\hardware\arduino\avr\variants\eightanaloginputs" -MMD -MP -MF"arduino/wiring_analog.c.d" -MT"arduino/wiring_analog.c.o" -D__IN_ECLIPSE__=1 "C:/Program Files/Arduino/hardware/arduino/avr/cores/arduino/wiring_analog.c"  -o  "arduino/wiring_analog.c.o"
'Finished building: C:/Program Files/Arduino/hardware/arduino/avr/cores/arduino/wiring_analog.c'
' '
'Building file: C:/Program Files/Arduino/hardware/arduino/avr/cores/arduino/wiring_digital.c'
'Starting C compile'
"C:/Program Files/Arduino/hardware/tools/avr/bin/avr-gcc" -c -g -Os -w -ffunction-sections -fdata-sections -MMD -mmcu=atmega328p -DF_CPU=16000000L -DARDUINO=165-r5 -DARDUINO_AVR_PRO -DARDUINO_ARCH_AVR     -I"C:\Program Files\Arduino\hardware\arduino\avr\cores\arduino" -I"C:\Program Files\Arduino\hardware\arduino\avr\variants\eightanaloginputs" -MMD -MP -MF"arduino/wiring_digital.c.d" -MT"arduino/wiring_digital.c.o" -D__IN_ECLIPSE__=1 "C:/Program Files/Arduino/hardware/arduino/avr/cores/arduino/wiring_digital.c"  -o  "arduino/wiring_digital.c.o"
'Finished building: C:/Program Files/Arduino/hardware/arduino/avr/cores/arduino/wiring_digital.c'
' '
'Building file: C:/Program Files/Arduino/hardware/arduino/avr/cores/arduino/wiring_pulse.c'
'Starting C compile'
"C:/Program Files/Arduino/hardware/tools/avr/bin/avr-gcc" -c -g -Os -w -ffunction-sections -fdata-sections -MMD -mmcu=atmega328p -DF_CPU=16000000L -DARDUINO=165-r5 -DARDUINO_AVR_PRO -DARDUINO_ARCH_AVR     -I"C:\Program Files\Arduino\hardware\arduino\avr\cores\arduino" -I"C:\Program Files\Arduino\hardware\arduino\avr\variants\eightanaloginputs" -MMD -MP -MF"arduino/wiring_pulse.c.d" -MT"arduino/wiring_pulse.c.o" -D__IN_ECLIPSE__=1 "C:/Program Files/Arduino/hardware/arduino/avr/cores/arduino/wiring_pulse.c"  -o  "arduino/wiring_pulse.c.o"
'Finished building: C:/Program Files/Arduino/hardware/arduino/avr/cores/arduino/wiring_pulse.c'
' '
'Building file: C:/Program Files/Arduino/hardware/arduino/avr/cores/arduino/wiring_shift.c'
'Starting C compile'
"C:/Program Files/Arduino/hardware/tools/avr/bin/avr-gcc" -c -g -Os -w -ffunction-sections -fdata-sections -MMD -mmcu=atmega328p -DF_CPU=16000000L -DARDUINO=165-r5 -DARDUINO_AVR_PRO -DARDUINO_ARCH_AVR     -I"C:\Program Files\Arduino\hardware\arduino\avr\cores\arduino" -I"C:\Program Files\Arduino\hardware\arduino\avr\variants\eightanaloginputs" -MMD -MP -MF"arduino/wiring_shift.c.d" -MT"arduino/wiring_shift.c.o" -D__IN_ECLIPSE__=1 "C:/Program Files/Arduino/hardware/arduino/avr/cores/arduino/wiring_shift.c"  -o  "arduino/wiring_shift.c.o"
'Finished building: C:/Program Files/Arduino/hardware/arduino/avr/cores/arduino/wiring_shift.c'
' '
'Starting archiver'
"C:/Program Files/Arduino/hardware/tools/avr/bin/avr-ar" rcs  "C:/eclipse/workspace/blink/Release/arduino.ar"    ./arduino/CDC.cpp.o ./arduino/HID.cpp.o ./arduino/HardwareSerial.cpp.o ./arduino/HardwareSerial0.cpp.o ./arduino/HardwareSerial1.cpp.o ./arduino/HardwareSerial2.cpp.o ./arduino/HardwareSerial3.cpp.o ./arduino/IPAddress.cpp.o ./arduino/Print.cpp.o ./arduino/Stream.cpp.o ./arduino/Tone.cpp.o ./arduino/USBCore.cpp.o ./arduino/WInterrupts.c.o ./arduino/WMath.cpp.o ./arduino/WString.cpp.o ./arduino/abi.cpp.o ./arduino/hooks.c.o ./arduino/main.cpp.o ./arduino/new.cpp.o ./arduino/wiring.c.o ./arduino/wiring_analog.c.o ./arduino/wiring_digital.c.o ./arduino/wiring_pulse.c.o ./arduino/wiring_shift.c.o 
'Finished building: C:/eclipse/workspace/blink/Release/arduino.ar'
' '
'Starting combiner'
"C:/Program Files/Arduino/hardware/tools/avr/bin/avr-gcc" -w -Os -Wl,--gc-sections -mmcu=atmega328p  -o "C:/eclipse/workspace/blink/Release/blink.elf"    ./blink.cpp.o   C:/eclipse/workspace/blink/Release/arduino.ar   "C:/eclipse/workspace/blink/Release/arduino.ar" "-LC:/eclipse/workspace/blink/Release" -lm
'Finished building: blink.elf'
' '
'Create eeprom image'
"C:/Program Files/Arduino/hardware/tools/avr/bin/avr-objcopy" -O ihex -j .eeprom --set-section-flags=.eeprom=alloc,load --no-change-warnings --change-section-lma .eeprom=0  "C:/eclipse/workspace/blink/Release/blink.elf" "C:/eclipse/workspace/blink/Release/blink.eep"
'Finished building: blink.eep'
' '
'Create Flash image (ihex format)'
"C:/Program Files/Arduino/hardware/tools/avr/bin/avr-objcopy" -O ihex -R .eeprom  "C:/eclipse/workspace/blink/Release/blink.elf" "C:/eclipse/workspace/blink/Release/blink.hex"
'Finished building: blink.hex'
' '
'Building target: blink'
'Printing size:'
"C:/Program Files/Arduino/hardware/tools/avr/bin/avr-size" -A "C:/eclipse/workspace/blink/Release/blink.elf"
C:/eclipse/workspace/blink/Release/blink.elf  :
section          size      addr
.data               0   8388864
.text             450         0
.bss                9   8388864
.comment           17         0
.debug_aranges    192         0
.debug_info      1607         0
.debug_abbrev     688         0
.debug_line      1189         0
.debug_frame      344         0
.debug_str        788         0
.debug_loc        555         0
.debug_ranges     128         0
Total            5967


'Finished building target: blink'
' '

15:37:05 Build Finished (took 17s.297ms)

